<?xml version="1.0" encoding="UTF-8"?>
<!-- Generated by org.testng.reporters.JUnitXMLReporter -->
<testsuite ignored="0" hostname="LAPTOP-HPHUSQHF" failures="0" tests="5" name="Default test" time="4.529" errors="0" timestamp="2023-02-05T00:08:55 SGT">
  <testcase classname="com.dvops.maven.eclipse.NewTest" name="checkLinkAgree" time="1.214"/>
  <testcase classname="com.dvops.maven.eclipse.NewTest" name="checkLinkDirectToLoginjsp" time="0.767"/>
  <testcase classname="com.dvops.maven.eclipse.NewTest" name="checkLinkSignup" time="0.147"/>
  <testcase classname="com.dvops.maven.eclipse.NewTest" name="checkTitle" time="0.354"/>
  <testcase classname="com.dvops.maven.eclipse.NewTest" name="directToRegisterjsp" time="0.347"/>
</testsuite> <!-- Default test -->
