<?xml version="1.0" encoding="UTF-8"?>
<testng-results ignored="0" total="2" passed="2" failed="0" skipped="0">
  <reporter-output>
  </reporter-output>
  <suite started-at="2023-02-03T15:44:29 SGT" name="Suite" finished-at="2023-02-03T15:44:31 SGT" duration-ms="2385">
    <groups>
    </groups>
    <test started-at="2023-02-03T15:44:29 SGT" name="Test" finished-at="2023-02-03T15:44:31 SGT" duration-ms="2385">
      <class name="com.dvops.maven.eclipse.NewTest">
        <test-method is-config="true" signature="beforeTest()[pri:0, instance:com.dvops.maven.eclipse.NewTest@3972a855]" started-at="2023-02-03T15:44:29 SGT" name="beforeTest" finished-at="2023-02-03T15:44:30 SGT" duration-ms="1217" status="PASS">
          <reporter-output>
          </reporter-output>
        </test-method> <!-- beforeTest -->
        <test-method signature="checkId()[pri:0, instance:com.dvops.maven.eclipse.NewTest@3972a855]" started-at="2023-02-03T15:44:30 SGT" name="checkId" finished-at="2023-02-03T15:44:31 SGT" duration-ms="897" status="PASS">
          <reporter-output>
          </reporter-output>
        </test-method> <!-- checkId -->
        <test-method signature="checkTitle()[pri:0, instance:com.dvops.maven.eclipse.NewTest@3972a855]" started-at="2023-02-03T15:44:31 SGT" name="checkTitle" finished-at="2023-02-03T15:44:31 SGT" duration-ms="65" status="PASS">
          <reporter-output>
          </reporter-output>
        </test-method> <!-- checkTitle -->
        <test-method is-config="true" signature="afterTest()[pri:0, instance:com.dvops.maven.eclipse.NewTest@3972a855]" started-at="2023-02-03T15:44:31 SGT" name="afterTest" finished-at="2023-02-03T15:44:31 SGT" duration-ms="181" status="PASS">
          <reporter-output>
          </reporter-output>
        </test-method> <!-- afterTest -->
      </class> <!-- com.dvops.maven.eclipse.NewTest -->
    </test> <!-- Test -->
  </suite> <!-- Suite -->
</testng-results>
